{"C:\\Users\\aliso\\Desktop\\advanced-react-e-commerce-app\\src\\store\\cartSlice.ts": {"path":"C:\\Users\\aliso\\Desktop\\advanced-react-e-commerce-app\\src\\store\\cartSlice.ts","statementMap":{"0":{"start":{"line":16,"column":6},"end":{"line":24,"column":null}},"1":{"start":{"line":17,"column":2},"end":{"line":23,"column":null}},"2":{"start":{"line":18,"column":22},"end":{"line":18,"column":null}},"3":{"start":{"line":19,"column":4},"end":{"line":19,"column":null}},"4":{"start":{"line":21,"column":4},"end":{"line":21,"column":null}},"5":{"start":{"line":22,"column":4},"end":{"line":22,"column":null}},"6":{"start":{"line":27,"column":6},"end":{"line":33,"column":null}},"7":{"start":{"line":28,"column":2},"end":{"line":32,"column":null}},"8":{"start":{"line":29,"column":4},"end":{"line":29,"column":null}},"9":{"start":{"line":31,"column":4},"end":{"line":31,"column":null}},"10":{"start":{"line":35,"column":32},"end":{"line":37,"column":null}},"11":{"start":{"line":39,"column":25},"end":{"line":77,"column":null}},"12":{"start":{"line":44,"column":27},"end":{"line":46,"column":null}},"13":{"start":{"line":45,"column":18},"end":{"line":45,"column":null}},"14":{"start":{"line":48,"column":6},"end":{"line":52,"column":null}},"15":{"start":{"line":49,"column":8},"end":{"line":49,"column":null}},"16":{"start":{"line":51,"column":8},"end":{"line":51,"column":null}},"17":{"start":{"line":53,"column":6},"end":{"line":53,"column":null}},"18":{"start":{"line":57,"column":6},"end":{"line":57,"column":null}},"19":{"start":{"line":57,"column":49},"end":{"line":57,"column":75}},"20":{"start":{"line":58,"column":6},"end":{"line":58,"column":null}},"21":{"start":{"line":65,"column":19},"end":{"line":65,"column":null}},"22":{"start":{"line":65,"column":43},"end":{"line":65,"column":69}},"23":{"start":{"line":66,"column":6},"end":{"line":68,"column":null}},"24":{"start":{"line":67,"column":8},"end":{"line":67,"column":null}},"25":{"start":{"line":69,"column":6},"end":{"line":69,"column":null}},"26":{"start":{"line":73,"column":6},"end":{"line":73,"column":null}},"27":{"start":{"line":74,"column":6},"end":{"line":74,"column":null}},"28":{"start":{"line":80,"column":2},"end":{"line":80,"column":null}}},"fnMap":{"0":{"name":"(anonymous_0)","decl":{"start":{"line":16,"column":6},"end":{"line":16,"column":46}},"loc":{"start":{"line":16,"column":46},"end":{"line":24,"column":null}},"line":16},"1":{"name":"(anonymous_1)","decl":{"start":{"line":27,"column":6},"end":{"line":27,"column":27}},"loc":{"start":{"line":27,"column":49},"end":{"line":33,"column":null}},"line":27},"2":{"name":"(anonymous_2)","decl":{"start":{"line":43,"column":4},"end":{"line":43,"column":16}},"loc":{"start":{"line":43,"column":58},"end":{"line":54,"column":null}},"line":43},"3":{"name":"(anonymous_3)","decl":{"start":{"line":44,"column":39},"end":{"line":44,"column":null}},"loc":{"start":{"line":45,"column":18},"end":{"line":45,"column":null}},"line":45},"4":{"name":"(anonymous_4)","decl":{"start":{"line":56,"column":4},"end":{"line":56,"column":21}},"loc":{"start":{"line":56,"column":62},"end":{"line":59,"column":null}},"line":56},"5":{"name":"(anonymous_5)","decl":{"start":{"line":57,"column":32},"end":{"line":57,"column":40}},"loc":{"start":{"line":57,"column":49},"end":{"line":57,"column":75}},"line":57},"6":{"name":"(anonymous_6)","decl":{"start":{"line":61,"column":4},"end":{"line":61,"column":null}},"loc":{"start":{"line":64,"column":9},"end":{"line":70,"column":null}},"line":64},"7":{"name":"(anonymous_7)","decl":{"start":{"line":65,"column":31},"end":{"line":65,"column":37}},"loc":{"start":{"line":65,"column":43},"end":{"line":65,"column":69}},"line":65},"8":{"name":"(anonymous_8)","decl":{"start":{"line":72,"column":4},"end":{"line":72,"column":16}},"loc":{"start":{"line":72,"column":26},"end":{"line":75,"column":null}},"line":72}},"branchMap":{"0":{"loc":{"start":{"line":19,"column":11},"end":{"line":19,"column":null}},"type":"cond-expr","locations":[{"start":{"line":19,"column":23},"end":{"line":19,"column":47}},{"start":{"line":19,"column":47},"end":{"line":19,"column":null}}],"line":19},"1":{"loc":{"start":{"line":48,"column":6},"end":{"line":52,"column":null}},"type":"if","locations":[{"start":{"line":48,"column":6},"end":{"line":52,"column":null}},{"start":{"line":50,"column":13},"end":{"line":52,"column":null}}],"line":48},"2":{"loc":{"start":{"line":66,"column":6},"end":{"line":68,"column":null}},"type":"if","locations":[{"start":{"line":66,"column":6},"end":{"line":68,"column":null}},{"start":{},"end":{}}],"line":66}},"s":{"0":1,"1":1,"2":1,"3":1,"4":0,"5":0,"6":1,"7":6,"8":6,"9":1,"10":1,"11":1,"12":3,"13":1,"14":3,"15":1,"16":2,"17":3,"18":1,"19":1,"20":1,"21":2,"22":2,"23":2,"24":1,"25":2,"26":1,"27":1,"28":1},"f":{"0":1,"1":6,"2":3,"3":1,"4":1,"5":1,"6":2,"7":2,"8":1},"b":{"0":[0,1],"1":[1,2],"2":[1,1]},"meta":{"lastBranch":3,"lastFunction":9,"lastStatement":29,"seen":{"s:16:6:24:Infinity":0,"f:16:6:16:46":0,"s:17:2:23:Infinity":1,"s:18:22:18:Infinity":2,"s:19:4:19:Infinity":3,"b:19:23:19:47:19:47:19:Infinity":0,"s:21:4:21:Infinity":4,"s:22:4:22:Infinity":5,"s:27:6:33:Infinity":6,"f:27:6:27:27":1,"s:28:2:32:Infinity":7,"s:29:4:29:Infinity":8,"s:31:4:31:Infinity":9,"s:35:32:37:Infinity":10,"s:39:25:77:Infinity":11,"f:43:4:43:16":2,"s:44:27:46:Infinity":12,"f:44:39:44:Infinity":3,"s:45:18:45:Infinity":13,"b:48:6:52:Infinity:50:13:52:Infinity":1,"s:48:6:52:Infinity":14,"s:49:8:49:Infinity":15,"s:51:8:51:Infinity":16,"s:53:6:53:Infinity":17,"f:56:4:56:21":4,"s:57:6:57:Infinity":18,"f:57:32:57:40":5,"s:57:49:57:75":19,"s:58:6:58:Infinity":20,"f:61:4:61:Infinity":6,"s:65:19:65:Infinity":21,"f:65:31:65:37":7,"s:65:43:65:69":22,"b:66:6:68:Infinity:undefined:undefined:undefined:undefined":2,"s:66:6:68:Infinity":23,"s:67:8:67:Infinity":24,"s:69:6:69:Infinity":25,"f:72:4:72:16":8,"s:73:6:73:Infinity":26,"s:74:6:74:Infinity":27,"s:80:2:80:Infinity":28},"fnNames":{}}}
}
